<?xml version="1.0" encoding="UTF-8"?>
<!-- Generated by org.testng.reporters.JUnitReportReporter -->
<testsuite name="com.credit.test.RiskFirstAuditTest" tests="2" time="14.365" ignored="0" failures="0" timestamp="20 九月 2017 06:45:10 GMT" skipped="0" hostname="EIT-20170712IIN" errors="0">
  <testcase name="riskfirstaudit" time="8.124" classname="com.credit.test.RiskFirstAuditTest"/>
  <testcase name="login" time="6.241" classname="com.credit.test.RiskFirstAuditTest"/>
</testsuite> <!-- com.credit.test.RiskFirstAuditTest -->
