<?xml version="1.0" encoding="UTF-8"?>
<!-- Generated by org.testng.reporters.JUnitReportReporter -->
<testsuite name="com.credit.test.LoginTest2" tests="2" time="14.501" ignored="0" failures="0" timestamp="20 九月 2017 06:08:56 GMT" skipped="0" hostname="EIT-20170712IIN" errors="0">
  <testcase name="qualityinspect" time="8.278" classname="com.credit.test.LoginTest2"/>
  <testcase name="login" time="6.223" classname="com.credit.test.LoginTest2"/>
</testsuite> <!-- com.credit.test.LoginTest2 -->
