<?xml version="1.0" encoding="UTF-8"?>
<!-- Generated by org.testng.reporters.JUnitReportReporter -->
<testsuite name="com.credit.test.GetFinalAuditPersionTest" tests="2" time="20.449" ignored="0" failures="0" timestamp="21 九月 2017 03:37:20 GMT" skipped="0" hostname="EIT-20170712IIN" errors="0">
  <testcase name="login" time="6.319" classname="com.credit.test.GetFinalAuditPersionTest"/>
  <testcase name="getFinalAuditPerson" time="14.130" classname="com.credit.test.GetFinalAuditPersionTest"/>
</testsuite> <!-- com.credit.test.GetFinalAuditPersionTest -->
