<?xml version="1.0" encoding="UTF-8"?>
<!-- Generated by org.testng.reporters.JUnitReportReporter -->
<testsuite name="com.credit.test.LoginTest" tests="2" time="26.477" ignored="0" failures="0" timestamp="19 九月 2017 10:23:17 GMT" skipped="0" hostname="EIT-20170712IIN" errors="0">
  <testcase name="login" time="4.306" classname="com.credit.test.LoginTest"/>
  <testcase name="complete" time="22.171" classname="com.credit.test.LoginTest"/>
</testsuite> <!-- com.credit.test.LoginTest -->
