<?xml version="1.0" encoding="UTF-8"?>
<!-- Generated by org.testng.reporters.JUnitReportReporter -->
<testsuite name="com.credit.test.GetFirstAuditPersionTest" tests="2" time="15.420" ignored="0" failures="0" timestamp="20 九月 2017 08:55:24 GMT" skipped="0" hostname="EIT-20170712IIN" errors="0">
  <testcase name="getFinalAuditPersion" time="9.239" classname="com.credit.test.GetFirstAuditPersionTest"/>
  <testcase name="login" time="6.181" classname="com.credit.test.GetFirstAuditPersionTest"/>
</testsuite> <!-- com.credit.test.GetFirstAuditPersionTest -->
